<?xml version="1.0" encoding="UTF-8"?>
<!-- Generated by org.testng.reporters.JUnitXMLReporter -->
<testsuite hostname="DESKTOP-1C5CVCM" ignored="0" name="Test" tests="7" failures="0" timestamp="11 Jul 2023 15:41:40 GMT" time="93.402" errors="0">
  <testcase name="Login" time="0.01" classname="TestNGExamples1.DependsExample1"/>
  <testcase name="addbeneficiary" time="0.003" classname="TestNGExamples1.DependsExample1"/>
  <testcase name="Transferfunds" time="0.002" classname="TestNGExamples1.DependsExample1"/>
  <testcase name="testCase1" time="0.001" classname="TestNGExamples1.AllAnotationsExample1"/>
  <testcase name="testCase2" time="0.001" classname="TestNGExamples1.AllAnotationsExample1"/>
  <testcase name="OrangaHTM" time="70.895" classname="Seleniumexamples.OrangaHRM_Login"/>
  <testcase name="Alertmethod" time="22.39" classname="Seleniumexamples.AlertExample2"/>
</testsuite> <!-- Test -->
