<?xml version="1.0" encoding="UTF-8"?>
<!-- Generated by org.testng.reporters.JUnitXMLReporter -->
<testsuite hostname="DESKTOP-1C5CVCM" ignored="0" name="Default test(failed)(failed)" tests="1" failures="1" timestamp="12 Jul 2023 09:27:12 GMT" time="43.421" errors="0">
  <testcase name="Alertexample" time="43.336" classname="Seleniumexamples.AlertExample">
    <failure type="java.lang.AssertionError" message="The following asserts failed:
	not matching expected [Customer ID  cannot be left blank1.] but found [Customer ID  cannot be left blank.]">
      <![CDATA[java.lang.AssertionError: The following asserts failed:
not matching expected [Customer ID  cannot be left blank1.] but found [Customer ID  cannot be left blank.]
at Seleniumexamples.AlertExample.Alertexample(AlertExample.java:39)
... Removed 26 stack frames]]>
    </failure>
  </testcase> <!-- Alertexample -->
</testsuite> <!-- Default test(failed)(failed) -->
